<?xml version="1.0" encoding="UTF-8"?>
<!-- Generated by org.testng.reporters.JUnitReportReporter -->
<testsuite hostname="Smiley" failures="0" tests="1" name="test.Homepage" time="7.545" errors="0" timestamp="2024-11-27T12:22:01 IST" skipped="0">
  <testcase classname="test.Homepage" name="testfitpeo" time="7.545"/>
  <system-out/>
</testsuite> <!-- test.Homepage -->
